<?xml version="1.0" encoding="UTF-8"?>
<!-- Generated by org.testng.reporters.JUnitXMLReporter -->
<testsuite ignored="4" hostname="LAPTOP-2F4U7O4J" failures="0" tests="4" name="Test1" time="48.556" errors="0" timestamp="2025-07-29T19:35:13 IST">
  <testcase classname="campaign.CampaignTest" name="toCreateCampaignWithExpectedDateTest" time="2.597"/>
  <testcase classname="campaign.CampaignTest" name="toCreateCampaignWithMadatoryFieldsTest" time="1.401"/>
  <testcase classname="campaign.CampaignTest" name="toCreateCampaignWithStatusTest" time="1.695"/>
  <testcase classname="product.ProductTest" name="toAddProducts" time="1.885"/>
  <testcase classname="baseTest.BaseClass" name="@AfterSuite afterSuite" time="0.0">
    <ignored/>
  </testcase> <!-- @AfterSuite afterSuite -->
  <testcase classname="baseTest.BaseClass" name="@BeforeSuite beforeSuite" time="0.0">
    <ignored/>
  </testcase> <!-- @BeforeSuite beforeSuite -->
  <testcase classname="baseTest.BaseClass" name="@AfterTest afterTest" time="0.0">
    <ignored/>
  </testcase> <!-- @AfterTest afterTest -->
  <testcase classname="baseTest.BaseClass" name="@BeforeTest beforeTest" time="0.0">
    <ignored/>
  </testcase> <!-- @BeforeTest beforeTest -->
</testsuite> <!-- Test1 -->
