<?xml version="1.0" encoding="UTF-8"?>
<testng-results ignored="0" total="1" passed="1" failed="0" skipped="0">
  <reporter-output>
  </reporter-output>
  <suite started-at="2025-08-05T19:12:11 IST" name="Default suite" finished-at="2025-08-05T19:12:11 IST" duration-ms="46">
    <groups>
    </groups>
    <test started-at="2025-08-05T19:12:11 IST" name="Default test" finished-at="2025-08-05T19:12:11 IST" duration-ms="46">
      <class name="testNGpractice.ToFetchDataFromcmdTest">
        <test-method signature="dataFromcmd()[pri:0, instance:testNGpractice.ToFetchDataFromcmdTest@70e9c95d]" started-at="2025-08-05T19:12:11 IST" name="dataFromcmd" finished-at="2025-08-05T19:12:11 IST" duration-ms="7" status="PASS">
          <reporter-output>
          </reporter-output>
        </test-method> <!-- dataFromcmd -->
      </class> <!-- testNGpractice.ToFetchDataFromcmdTest -->
    </test> <!-- Default test -->
  </suite> <!-- Default suite -->
</testng-results>
